This is pdfTeX, Version 3.14159265-2.6-1.40.21 (MiKTeX 2.9.7300 64-bit) (preloaded format=pdflatex 2020.4.20)  8 MAY 2020 22:13
entering extended mode
**./SootModel_Modification_RadCal_HadiBordbar_May2020.tex
(SootModel_Modification_RadCal_HadiBordbar_May2020.tex
LaTeX2e <2020-02-02> patch level 1
L3 programming layer <2020-02-08>
(C:\PROGRAMS\MiKTeX\MiKTeX_2.9\tex/latex/elsarticle\elsarticle.cls
Document Class: elsarticle 2019/02/25, 3.2: Elsevier Ltd
\@bls=\dimen134
(C:\PROGRAMS\MiKTeX\MiKTeX_2.9\tex/latex/base\article.cls
Document Class: article 2019/12/20 v1.4l Standard LaTeX document class
(C:\PROGRAMS\MiKTeX\MiKTeX_2.9\tex/latex/base\size10.clo
File: size10.clo 2019/12/20 v1.4l Standard LaTeX file (size option)
)
\c@part=\count167
\c@section=\count168
\c@subsection=\count169
\c@subsubsection=\count170
\c@paragraph=\count171
\c@subparagraph=\count172
\c@figure=\count173
\c@table=\count174
\abovecaptionskip=\skip47
\belowcaptionskip=\skip48
\bibindent=\dimen135
)
(C:\PROGRAMS\MiKTeX\MiKTeX_2.9\tex/latex/graphics\graphicx.sty
Package: graphicx 2019/11/30 v1.2a Enhanced LaTeX Graphics (DPC,SPQR)

(C:\PROGRAMS\MiKTeX\MiKTeX_2.9\tex/latex/graphics\keyval.sty
Package: keyval 2014/10/28 v1.15 key=value parser (DPC)
\KV@toks@=\toks14
)
(C:\PROGRAMS\MiKTeX\MiKTeX_2.9\tex/latex/graphics\graphics.sty
Package: graphics 2019/11/30 v1.4a Standard LaTeX Graphics (DPC,SPQR)

(C:\PROGRAMS\MiKTeX\MiKTeX_2.9\tex/latex/graphics\trig.sty
Package: trig 2016/01/03 v1.10 sin cos tan (DPC)
)
(C:\PROGRAMS\MiKTeX\MiKTeX_2.9\tex/latex/graphics-cfg\graphics.cfg
File: graphics.cfg 2016/06/04 v1.11 sample graphics configuration
)
Package graphics Info: Driver file: pdftex.def on input line 105.

(C:\PROGRAMS\MiKTeX\MiKTeX_2.9\tex/latex/graphics-def\pdftex.def
File: pdftex.def 2018/01/08 v1.0l Graphics/color driver for pdftex
))
\Gin@req@height=\dimen136
\Gin@req@width=\dimen137
)
\c@tnote=\count175
\c@fnote=\count176
\c@cnote=\count177
\c@ead=\count178
\c@author=\count179
\@eadauthor=\toks15
\c@affn=\count180
\absbox=\box45
\elsarticlehighlightsbox=\box46
\elsarticlegrabsbox=\box47
\keybox=\box48
\Columnwidth=\dimen138
\space@left=\dimen139
\els@boxa=\box49
\els@boxb=\box50
\leftMargin=\dimen140
\@enLab=\toks16
\@sep=\skip49
\@@sep=\skip50

(SootModel_Modification_RadCal_HadiBordbar_May2020.spl)
(C:\PROGRAMS\MiKTeX\MiKTeX_2.9\tex/latex/natbib\natbib.sty
Package: natbib 2010/09/13 8.31b (PWD, AO)
\bibhang=\skip51
\bibsep=\skip52
LaTeX Info: Redefining \cite on input line 694.
\c@NAT@ctr=\count181
)
\splwrite=\write3
\openout3 = `SootModel_Modification_RadCal_HadiBordbar_May2020.spl'.


(C:\PROGRAMS\MiKTeX\MiKTeX_2.9\tex/latex/geometry\geometry.sty
Package: geometry 2020/01/02 v5.9 Page Geometry

(C:\PROGRAMS\MiKTeX\MiKTeX_2.9\tex/generic/iftex\ifvtex.sty
Package: ifvtex 2019/10/25 v1.7 ifvtex legacy package. Use iftex instead.

(C:\PROGRAMS\MiKTeX\MiKTeX_2.9\tex/generic/iftex\iftex.sty
Package: iftex 2019/11/07 v1.0c TeX engine tests
))
\Gm@cnth=\count182
\Gm@cntv=\count183
\c@Gm@tempcnt=\count184
\Gm@bindingoffset=\dimen141
\Gm@wd@mp=\dimen142
\Gm@odd@mp=\dimen143
\Gm@even@mp=\dimen144
\Gm@layoutwidth=\dimen145
\Gm@layoutheight=\dimen146
\Gm@layouthoffset=\dimen147
\Gm@layoutvoffset=\dimen148
\Gm@dimlist=\toks17

(C:\PROGRAMS\MiKTeX\MiKTeX_2.9\tex/latex/geometry\geometry.cfg))
\appnamewidth=\dimen149
)
(C:\PROGRAMS\MiKTeX\MiKTeX_2.9\tex/latex/base\fontenc.sty
Package: fontenc 2020/01/25 v2.0m Standard LaTeX package
)
(C:\PROGRAMS\MiKTeX\MiKTeX_2.9\tex/latex/base\inputenc.sty
Package: inputenc 2018/08/11 v1.3c Input encoding file
\inpenc@prehook=\toks18
\inpenc@posthook=\toks19
)
(C:\PROGRAMS\MiKTeX\MiKTeX_2.9\tex/latex/lm\lmodern.sty
Package: lmodern 2009/10/30 v1.6 Latin Modern Fonts
LaTeX Font Info:    Overwriting symbol font `operators' in version `normal'
(Font)                  OT1/cmr/m/n --> OT1/lmr/m/n on input line 22.
LaTeX Font Info:    Overwriting symbol font `letters' in version `normal'
(Font)                  OML/cmm/m/it --> OML/lmm/m/it on input line 23.
LaTeX Font Info:    Overwriting symbol font `symbols' in version `normal'
(Font)                  OMS/cmsy/m/n --> OMS/lmsy/m/n on input line 24.
LaTeX Font Info:    Overwriting symbol font `largesymbols' in version `normal'
(Font)                  OMX/cmex/m/n --> OMX/lmex/m/n on input line 25.
LaTeX Font Info:    Overwriting symbol font `operators' in version `bold'
(Font)                  OT1/cmr/bx/n --> OT1/lmr/bx/n on input line 26.
LaTeX Font Info:    Overwriting symbol font `letters' in version `bold'
(Font)                  OML/cmm/b/it --> OML/lmm/b/it on input line 27.
LaTeX Font Info:    Overwriting symbol font `symbols' in version `bold'
(Font)                  OMS/cmsy/b/n --> OMS/lmsy/b/n on input line 28.
LaTeX Font Info:    Overwriting symbol font `largesymbols' in version `bold'
(Font)                  OMX/cmex/m/n --> OMX/lmex/m/n on input line 29.
LaTeX Font Info:    Overwriting math alphabet `\mathbf' in version `normal'
(Font)                  OT1/cmr/bx/n --> OT1/lmr/bx/n on input line 31.
LaTeX Font Info:    Overwriting math alphabet `\mathsf' in version `normal'
(Font)                  OT1/cmss/m/n --> OT1/lmss/m/n on input line 32.
LaTeX Font Info:    Overwriting math alphabet `\mathit' in version `normal'
(Font)                  OT1/cmr/m/it --> OT1/lmr/m/it on input line 33.
LaTeX Font Info:    Overwriting math alphabet `\mathtt' in version `normal'
(Font)                  OT1/cmtt/m/n --> OT1/lmtt/m/n on input line 34.
LaTeX Font Info:    Overwriting math alphabet `\mathbf' in version `bold'
(Font)                  OT1/cmr/bx/n --> OT1/lmr/bx/n on input line 35.
LaTeX Font Info:    Overwriting math alphabet `\mathsf' in version `bold'
(Font)                  OT1/cmss/bx/n --> OT1/lmss/bx/n on input line 36.
LaTeX Font Info:    Overwriting math alphabet `\mathit' in version `bold'
(Font)                  OT1/cmr/bx/it --> OT1/lmr/bx/it on input line 37.
LaTeX Font Info:    Overwriting math alphabet `\mathtt' in version `bold'
(Font)                  OT1/cmtt/m/n --> OT1/lmtt/m/n on input line 38.
)
(C:\PROGRAMS\MiKTeX\MiKTeX_2.9\tex/latex/siunitx\siunitx.sty
(C:\PROGRAMS\MiKTeX\MiKTeX_2.9\tex/latex/l3kernel\expl3.sty
Package: expl3 2020-02-08 L3 programming layer (loader) 

(C:\PROGRAMS\MiKTeX\MiKTeX_2.9\tex/latex/l3backend\l3backend-pdfmode.def
File: l3backend-pdfmode.def 2020-02-03 L3 backend support: PDF mode
\l__kernel_color_stack_int=\count185
\l__pdf_internal_box=\box51
))
(C:\PROGRAMS\MiKTeX\MiKTeX_2.9\tex/latex/l3packages/xparse\xparse.sty
Package: xparse 2020-02-08 L3 Experimental document command parser
\l__xparse_current_arg_int=\count186
\g__xparse_grabber_int=\count187
\l__xparse_m_args_int=\count188
\l__xparse_v_nesting_int=\count189
)
Package: siunitx 2020/01/15 v2.7u A comprehensive (SI) units package

(C:\PROGRAMS\MiKTeX\MiKTeX_2.9\tex/latex/amsmath\amstext.sty
Package: amstext 2000/06/29 v2.01 AMS text

(C:\PROGRAMS\MiKTeX\MiKTeX_2.9\tex/latex/amsmath\amsgen.sty
File: amsgen.sty 1999/11/30 v2.0 generic functions
\@emptytoks=\toks20
\ex@=\dimen150
))
(C:\PROGRAMS\MiKTeX\MiKTeX_2.9\tex/latex/tools\array.sty
Package: array 2019/08/31 v2.4l Tabular extension package (FMi)
\col@sep=\dimen151
\ar@mcellbox=\box52
\extrarowheight=\dimen152
\NC@list=\toks21
\extratabsurround=\skip53
\backup@length=\skip54
\ar@cellbox=\box53
)
(C:\PROGRAMS\MiKTeX\MiKTeX_2.9\tex/latex/l3packages/l3keys2e\l3keys2e.sty
Package: l3keys2e 2020-02-08 LaTeX2e option processing using LaTeX3 keys
)
\l__siunitx_tmp_box=\box54
\l__siunitx_tmp_dim=\dimen153
\l__siunitx_tmp_int=\count190
\l__siunitx_number_mantissa_length_int=\count191
\l__siunitx_number_uncert_length_int=\count192
\l__siunitx_round_int=\count193
\l__siunitx_process_decimal_int=\count194
\l__siunitx_process_uncertainty_int=\count195
\l__siunitx_process_fixed_int=\count196
\l__siunitx_process_integer_min_int=\count197
\l__siunitx_process_precision_int=\count198
\l__siunitx_group_min_int=\count199
\l__siunitx_angle_marker_box=\box55
\l__siunitx_angle_unit_box=\box56
\l__siunitx_angle_marker_dim=\dimen154
\l__siunitx_angle_unit_dim=\dimen155
\l__siunitx_unit_int=\count266
\l__siunitx_unit_denominator_int=\count267
\l__siunitx_unit_numerator_int=\count268
\l__siunitx_unit_prefix_int=\count269
\l__siunitx_unit_prefix_base_int=\count270
\l__siunitx_unit_prefix_gram_int=\count271
\l__siunitx_number_product_int=\count272
\c__siunitx_one_fill_skip=\skip55
\l__siunitx_table_unit_align_skip=\skip56
\l__siunitx_table_exponent_dim=\dimen156
\l__siunitx_table_integer_dim=\dimen157
\l__siunitx_table_mantissa_dim=\dimen158
\l__siunitx_table_marker_dim=\dimen159
\l__siunitx_table_result_dim=\dimen160
\l__siunitx_table_uncert_dim=\dimen161
\l__siunitx_table_fill_pre_dim=\dimen162
\l__siunitx_table_fill_post_dim=\dimen163
\l__siunitx_table_fill_mid_dim=\dimen164
\l__siunitx_table_pre_box=\box57
\l__siunitx_table_post_box=\box58
\l__siunitx_table_mantissa_box=\box59
\l__siunitx_table_result_box=\box60
\l__siunitx_table_number_align_skip=\skip57
\l__siunitx_table_text_align_skip=\skip58

(C:\PROGRAMS\MiKTeX\MiKTeX_2.9\tex/latex/translator\translator.sty
Package: translator 2019-05-31 v1.12a Easy translation of strings in LaTeX
))
(C:\PROGRAMS\MiKTeX\MiKTeX_2.9\tex/latex/lineno\lineno.sty
Package: lineno 2005/11/02 line numbers on paragraphs v4.41
\linenopenalty=\count273
\output=\toks22
\linenoprevgraf=\count274
\linenumbersep=\dimen165
\linenumberwidth=\dimen166
\c@linenumber=\count275
\c@pagewiselinenumber=\count276
\c@LN@truepage=\count277
\c@internallinenumber=\count278
\c@internallinenumbers=\count279
\quotelinenumbersep=\dimen167
\bframerule=\dimen168
\bframesep=\dimen169
\bframebox=\box61
LaTeX Info: Redefining \\ on input line 3056.
)
(C:\PROGRAMS\MiKTeX\MiKTeX_2.9\tex/latex/tools\xspace.sty
Package: xspace 2014/10/28 v1.13 Space after command names (DPC,MH)
)
(C:\PROGRAMS\MiKTeX\MiKTeX_2.9\tex/latex/hyperref\hyperref.sty
Package: hyperref 2020/01/14 v7.00d Hypertext links for LaTeX

(C:\PROGRAMS\MiKTeX\MiKTeX_2.9\tex/generic/ltxcmds\ltxcmds.sty
Package: ltxcmds 2019/12/15 v1.24 LaTeX kernel commands for general use (HO)
)
(C:\PROGRAMS\MiKTeX\MiKTeX_2.9\tex/latex/pdftexcmds\pdftexcmds.sty
Package: pdftexcmds 2019/11/24 v0.31 Utility functions of pdfTeX for LuaTeX (HO
)

(C:\PROGRAMS\MiKTeX\MiKTeX_2.9\tex/generic/infwarerr\infwarerr.sty
Package: infwarerr 2019/12/03 v1.5 Providing info/warning/error messages (HO)
)
Package pdftexcmds Info: \pdf@primitive is available.
Package pdftexcmds Info: \pdf@ifprimitive is available.
Package pdftexcmds Info: \pdfdraftmode found.
)
(C:\PROGRAMS\MiKTeX\MiKTeX_2.9\tex/generic/kvsetkeys\kvsetkeys.sty
Package: kvsetkeys 2019/12/15 v1.18 Key value parser (HO)
)
(C:\PROGRAMS\MiKTeX\MiKTeX_2.9\tex/generic/kvdefinekeys\kvdefinekeys.sty
Package: kvdefinekeys 2019-12-19 v1.6 Define keys (HO)
)
(C:\PROGRAMS\MiKTeX\MiKTeX_2.9\tex/generic/pdfescape\pdfescape.sty
Package: pdfescape 2019/12/09 v1.15 Implements pdfTeX's escape features (HO)
)
(C:\PROGRAMS\MiKTeX\MiKTeX_2.9\tex/latex/hycolor\hycolor.sty
Package: hycolor 2020-01-27 v1.10 Color options for hyperref/bookmark (HO)
)
(C:\PROGRAMS\MiKTeX\MiKTeX_2.9\tex/latex/letltxmacro\letltxmacro.sty
Package: letltxmacro 2019/12/03 v1.6 Let assignment for LaTeX macros (HO)
)
(C:\PROGRAMS\MiKTeX\MiKTeX_2.9\tex/latex/auxhook\auxhook.sty
Package: auxhook 2019-12-17 v1.6 Hooks for auxiliary files (HO)
)
(C:\PROGRAMS\MiKTeX\MiKTeX_2.9\tex/latex/kvoptions\kvoptions.sty
Package: kvoptions 2019/11/29 v3.13 Key value format for package options (HO)
)
\@linkdim=\dimen170
\Hy@linkcounter=\count280
\Hy@pagecounter=\count281

(C:\PROGRAMS\MiKTeX\MiKTeX_2.9\tex/latex/hyperref\pd1enc.def
File: pd1enc.def 2020/01/14 v7.00d Hyperref: PDFDocEncoding definition (HO)
Now handling font encoding PD1 ...
... no UTF-8 mapping file for font encoding PD1
)
(C:\PROGRAMS\MiKTeX\MiKTeX_2.9\tex/generic/intcalc\intcalc.sty
Package: intcalc 2019/12/15 v1.3 Expandable calculations with integers (HO)
)
(C:\PROGRAMS\MiKTeX\MiKTeX_2.9\tex/generic/etexcmds\etexcmds.sty
Package: etexcmds 2019/12/15 v1.7 Avoid name clashes with e-TeX commands (HO)
)
\Hy@SavedSpaceFactor=\count282
Package hyperref Info: Hyper figures OFF on input line 4547.
Package hyperref Info: Link nesting OFF on input line 4552.
Package hyperref Info: Hyper index ON on input line 4555.
Package hyperref Info: Plain pages OFF on input line 4562.
Package hyperref Info: Backreferencing OFF on input line 4567.
Package hyperref Info: Implicit mode ON; LaTeX internals redefined.
Package hyperref Info: Bookmarks ON on input line 4800.
\c@Hy@tempcnt=\count283

(C:\PROGRAMS\MiKTeX\MiKTeX_2.9\tex/latex/url\url.sty
\Urlmuskip=\muskip16
Package: url 2013/09/16  ver 3.4  Verb mode for urls, etc.
)
LaTeX Info: Redefining \url on input line 5159.
\XeTeXLinkMargin=\dimen171

(C:\PROGRAMS\MiKTeX\MiKTeX_2.9\tex/generic/bitset\bitset.sty
Package: bitset 2019/12/09 v1.3 Handle bit-vector datatype (HO)

(C:\PROGRAMS\MiKTeX\MiKTeX_2.9\tex/generic/bigintcalc\bigintcalc.sty
Package: bigintcalc 2019/12/15 v1.5 Expandable calculations on big integers (HO
)
))
\Fld@menulength=\count284
\Field@Width=\dimen172
\Fld@charsize=\dimen173
Package hyperref Info: Hyper figures OFF on input line 6430.
Package hyperref Info: Link nesting OFF on input line 6435.
Package hyperref Info: Hyper index ON on input line 6438.
Package hyperref Info: backreferencing OFF on input line 6445.
Package hyperref Info: Link coloring OFF on input line 6450.
Package hyperref Info: Link coloring with OCG OFF on input line 6455.
Package hyperref Info: PDF/A mode OFF on input line 6460.
LaTeX Info: Redefining \ref on input line 6500.
LaTeX Info: Redefining \pageref on input line 6504.

(C:\PROGRAMS\MiKTeX\MiKTeX_2.9\tex/generic/atbegshi\atbegshi.sty
Package: atbegshi 2019/12/05 v1.19 At begin shipout hook (HO)
)
\Hy@abspage=\count285
\c@Item=\count286
\c@Hfootnote=\count287
)
Package hyperref Info: Driver (autodetected): hpdftex.

(C:\PROGRAMS\MiKTeX\MiKTeX_2.9\tex/latex/hyperref\hpdftex.def
File: hpdftex.def 2020/01/14 v7.00d Hyperref driver for pdfTeX

(C:\PROGRAMS\MiKTeX\MiKTeX_2.9\tex/latex/atveryend\atveryend.sty
Package: atveryend 2019-12-11 v1.11 Hooks at the very end of document (HO)
Package atveryend Info: \enddocument detected (standard20110627).
)
\Fld@listcount=\count288
\c@bookmark@seq@number=\count289

(C:\PROGRAMS\MiKTeX\MiKTeX_2.9\tex/latex/rerunfilecheck\rerunfilecheck.sty
Package: rerunfilecheck 2019/12/05 v1.9 Rerun checks for auxiliary files (HO)

(C:\PROGRAMS\MiKTeX\MiKTeX_2.9\tex/generic/uniquecounter\uniquecounter.sty
Package: uniquecounter 2019/12/15 v1.4 Provide unlimited unique counter (HO)
)
Package uniquecounter Info: New unique counter `rerunfilecheck' on input line 2
86.
)
\Hy@SectionHShift=\skip59
)
(C:\PROGRAMS\MiKTeX\MiKTeX_2.9\tex/latex/mhchem\mhchem.sty
Package: mhchem 2018/06/22 v4.08 for typesetting chemical formulae

(C:\PROGRAMS\MiKTeX\MiKTeX_2.9\tex/latex/tools\calc.sty
Package: calc 2017/05/25 v4.3 Infix arithmetic (KKT,FJ)
\calc@Acount=\count290
\calc@Bcount=\count291
\calc@Adimen=\dimen174
\calc@Bdimen=\dimen175
\calc@Askip=\skip60
\calc@Bskip=\skip61
LaTeX Info: Redefining \setlength on input line 80.
LaTeX Info: Redefining \addtolength on input line 81.
\calc@Ccount=\count292
\calc@Cskip=\skip62
)
(C:\PROGRAMS\MiKTeX\MiKTeX_2.9\tex/latex/amsmath\amsmath.sty
Package: amsmath 2020/01/20 v2.17e AMS math features
\@mathmargin=\skip63

For additional information on amsmath, use the `?' option.
(C:\PROGRAMS\MiKTeX\MiKTeX_2.9\tex/latex/amsmath\amsbsy.sty
Package: amsbsy 1999/11/29 v1.2d Bold Symbols
\pmbraise@=\dimen176
)
(C:\PROGRAMS\MiKTeX\MiKTeX_2.9\tex/latex/amsmath\amsopn.sty
Package: amsopn 2016/03/08 v2.02 operator names
)
\inf@bad=\count293
LaTeX Info: Redefining \frac on input line 227.
\uproot@=\count294
\leftroot@=\count295
LaTeX Info: Redefining \overline on input line 389.
\classnum@=\count296
\DOTSCASE@=\count297
LaTeX Info: Redefining \ldots on input line 486.
LaTeX Info: Redefining \dots on input line 489.
LaTeX Info: Redefining \cdots on input line 610.
\Mathstrutbox@=\box62
\strutbox@=\box63
\big@size=\dimen177
LaTeX Font Info:    Redeclaring font encoding OML on input line 733.
LaTeX Font Info:    Redeclaring font encoding OMS on input line 734.
\macc@depth=\count298
\c@MaxMatrixCols=\count299
\dotsspace@=\muskip17
\c@parentequation=\count300
\dspbrk@lvl=\count301
\tag@help=\toks23
\row@=\count302
\column@=\count303
\maxfields@=\count304
\andhelp@=\toks24
\eqnshift@=\dimen178
\alignsep@=\dimen179
\tagshift@=\dimen180
\tagwidth@=\dimen181
\totwidth@=\dimen182
\lineht@=\dimen183
\@envbody=\toks25
\multlinegap=\skip64
\multlinetaggap=\skip65
\mathdisplay@stack=\toks26
LaTeX Info: Redefining \[ on input line 2859.
LaTeX Info: Redefining \] on input line 2860.
)
(C:\PROGRAMS\MiKTeX\MiKTeX_2.9\tex/latex/chemgreek\chemgreek.sty
Package: chemgreek 2020/01/16 v1.1a interface for upright Greek letters for use
 in chemistry (CN)
\l__chemgreek_tmpa_int=\count305
\g__chemgreek_tmpa_int=\count306
)
\l__mhchem_ce_distanceFromLastComma_int=\count307
\__mhchem_arrow_extPgfLength_skip=\skip66
\mhchem@minispace@tmp=\skip67
\mhchem@minibackspace@tmp=\skip68
\mhchem@bondwidth=\skip69
\mhchem@bondheight=\skip70
\mhchem@smallbondwidth@tmpA=\skip71
\mhchem@smallbondwidth@tmpB=\skip72
\mhchem@smallbondwidth=\skip73
\mhchem@bondtmp@minussidebearingleft=\skip74
\mhchem@bondtmp@minussidebearingright=\skip75
\l__mhchem_option_version_int=\count308
\mhchem@option@minusmathsidebearingleft=\dimen184
\mhchem@option@minusmathsidebearingright=\dimen185
\mhchem@option@minustextsidebearingleft=\dimen186
\mhchem@option@minustextsidebearingright=\dimen187
)
(C:\PROGRAMS\MiKTeX\MiKTeX_2.9\tex/latex/pgf/frontendlayer\tikz.sty
(C:\PROGRAMS\MiKTeX\MiKTeX_2.9\tex/latex/pgf/basiclayer\pgf.sty
(C:\PROGRAMS\MiKTeX\MiKTeX_2.9\tex/latex/pgf/utilities\pgfrcs.sty
(C:\PROGRAMS\MiKTeX\MiKTeX_2.9\tex/generic/pgf/utilities\pgfutil-common.tex
\pgfutil@everybye=\toks27
\pgfutil@tempdima=\dimen188
\pgfutil@tempdimb=\dimen189

(C:\PROGRAMS\MiKTeX\MiKTeX_2.9\tex/generic/pgf/utilities\pgfutil-common-lists.t
ex)) (C:\PROGRAMS\MiKTeX\MiKTeX_2.9\tex/generic/pgf/utilities\pgfutil-latex.def
\pgfutil@abb=\box64
(C:\PROGRAMS\MiKTeX\MiKTeX_2.9\tex/latex/ms\everyshi.sty
Package: everyshi 2001/05/15 v3.00 EveryShipout Package (MS)
))
(C:\PROGRAMS\MiKTeX\MiKTeX_2.9\tex/generic/pgf/utilities\pgfrcs.code.tex
(C:\PROGRAMS\MiKTeX\MiKTeX_2.9\tex/generic/pgf\pgf.revision.tex)
Package: pgfrcs 2020/01/08 v3.1.5b (3.1.5b)
))
Package: pgf 2020/01/08 v3.1.5b (3.1.5b)

(C:\PROGRAMS\MiKTeX\MiKTeX_2.9\tex/latex/pgf/basiclayer\pgfcore.sty
(C:\PROGRAMS\MiKTeX\MiKTeX_2.9\tex/latex/pgf/systemlayer\pgfsys.sty
(C:\PROGRAMS\MiKTeX\MiKTeX_2.9\tex/generic/pgf/systemlayer\pgfsys.code.tex
Package: pgfsys 2020/01/08 v3.1.5b (3.1.5b)

(C:\PROGRAMS\MiKTeX\MiKTeX_2.9\tex/generic/pgf/utilities\pgfkeys.code.tex
\pgfkeys@pathtoks=\toks28
\pgfkeys@temptoks=\toks29

(C:\PROGRAMS\MiKTeX\MiKTeX_2.9\tex/generic/pgf/utilities\pgfkeysfiltered.code.t
ex
\pgfkeys@tmptoks=\toks30
))
\pgf@x=\dimen190
\pgf@y=\dimen191
\pgf@xa=\dimen192
\pgf@ya=\dimen193
\pgf@xb=\dimen194
\pgf@yb=\dimen195
\pgf@xc=\dimen196
\pgf@yc=\dimen197
\pgf@xd=\dimen198
\pgf@yd=\dimen199
\w@pgf@writea=\write4
\r@pgf@reada=\read2
\c@pgf@counta=\count309
\c@pgf@countb=\count310
\c@pgf@countc=\count311
\c@pgf@countd=\count312
\t@pgf@toka=\toks31
\t@pgf@tokb=\toks32
\t@pgf@tokc=\toks33
\pgf@sys@id@count=\count313
 (C:\PROGRAMS\MiKTeX\MiKTeX_2.9\tex/generic/pgf/systemlayer\pgf.cfg
File: pgf.cfg 2020/01/08 v3.1.5b (3.1.5b)
)
Driver file for pgf: pgfsys-pdftex.def

(C:\PROGRAMS\MiKTeX\MiKTeX_2.9\tex/generic/pgf/systemlayer\pgfsys-pdftex.def
File: pgfsys-pdftex.def 2020/01/08 v3.1.5b (3.1.5b)

(C:\PROGRAMS\MiKTeX\MiKTeX_2.9\tex/generic/pgf/systemlayer\pgfsys-common-pdf.de
f
File: pgfsys-common-pdf.def 2020/01/08 v3.1.5b (3.1.5b)
)))
(C:\PROGRAMS\MiKTeX\MiKTeX_2.9\tex/generic/pgf/systemlayer\pgfsyssoftpath.code.
tex
File: pgfsyssoftpath.code.tex 2020/01/08 v3.1.5b (3.1.5b)
\pgfsyssoftpath@smallbuffer@items=\count314
\pgfsyssoftpath@bigbuffer@items=\count315
)
(C:\PROGRAMS\MiKTeX\MiKTeX_2.9\tex/generic/pgf/systemlayer\pgfsysprotocol.code.
tex
File: pgfsysprotocol.code.tex 2020/01/08 v3.1.5b (3.1.5b)
)) (C:\PROGRAMS\MiKTeX\MiKTeX_2.9\tex/latex/xcolor\xcolor.sty
Package: xcolor 2016/05/11 v2.12 LaTeX color extensions (UK)

(C:\PROGRAMS\MiKTeX\MiKTeX_2.9\tex/latex/graphics-cfg\color.cfg
File: color.cfg 2016/01/02 v1.6 sample color configuration
)
Package xcolor Info: Driver file: pdftex.def on input line 225.
Package xcolor Info: Model `cmy' substituted by `cmy0' on input line 1348.
Package xcolor Info: Model `hsb' substituted by `rgb' on input line 1352.
Package xcolor Info: Model `RGB' extended on input line 1364.
Package xcolor Info: Model `HTML' substituted by `rgb' on input line 1366.
Package xcolor Info: Model `Hsb' substituted by `hsb' on input line 1367.
Package xcolor Info: Model `tHsb' substituted by `hsb' on input line 1368.
Package xcolor Info: Model `HSB' substituted by `hsb' on input line 1369.
Package xcolor Info: Model `Gray' substituted by `gray' on input line 1370.
Package xcolor Info: Model `wave' substituted by `hsb' on input line 1371.
)
(C:\PROGRAMS\MiKTeX\MiKTeX_2.9\tex/generic/pgf/basiclayer\pgfcore.code.tex
Package: pgfcore 2020/01/08 v3.1.5b (3.1.5b)

(C:\PROGRAMS\MiKTeX\MiKTeX_2.9\tex/generic/pgf/math\pgfmath.code.tex
(C:\PROGRAMS\MiKTeX\MiKTeX_2.9\tex/generic/pgf/math\pgfmathcalc.code.tex
(C:\PROGRAMS\MiKTeX\MiKTeX_2.9\tex/generic/pgf/math\pgfmathutil.code.tex)
(C:\PROGRAMS\MiKTeX\MiKTeX_2.9\tex/generic/pgf/math\pgfmathparser.code.tex
\pgfmath@dimen=\dimen256
\pgfmath@count=\count316
\pgfmath@box=\box65
\pgfmath@toks=\toks34
\pgfmath@stack@operand=\toks35
\pgfmath@stack@operation=\toks36
)
(C:\PROGRAMS\MiKTeX\MiKTeX_2.9\tex/generic/pgf/math\pgfmathfunctions.code.tex
(C:\PROGRAMS\MiKTeX\MiKTeX_2.9\tex/generic/pgf/math\pgfmathfunctions.basic.code
.tex)
(C:\PROGRAMS\MiKTeX\MiKTeX_2.9\tex/generic/pgf/math\pgfmathfunctions.trigonomet
ric.code.tex)
(C:\PROGRAMS\MiKTeX\MiKTeX_2.9\tex/generic/pgf/math\pgfmathfunctions.random.cod
e.tex)
(C:\PROGRAMS\MiKTeX\MiKTeX_2.9\tex/generic/pgf/math\pgfmathfunctions.comparison
.code.tex)
(C:\PROGRAMS\MiKTeX\MiKTeX_2.9\tex/generic/pgf/math\pgfmathfunctions.base.code.
tex)
(C:\PROGRAMS\MiKTeX\MiKTeX_2.9\tex/generic/pgf/math\pgfmathfunctions.round.code
.tex)
(C:\PROGRAMS\MiKTeX\MiKTeX_2.9\tex/generic/pgf/math\pgfmathfunctions.misc.code.
tex)
(C:\PROGRAMS\MiKTeX\MiKTeX_2.9\tex/generic/pgf/math\pgfmathfunctions.integerari
thmetics.code.tex)))
(C:\PROGRAMS\MiKTeX\MiKTeX_2.9\tex/generic/pgf/math\pgfmathfloat.code.tex
\c@pgfmathroundto@lastzeros=\count317
))
(C:\PROGRAMS\MiKTeX\MiKTeX_2.9\tex/generic/pgf/math\pgfint.code.tex)
(C:\PROGRAMS\MiKTeX\MiKTeX_2.9\tex/generic/pgf/basiclayer\pgfcorepoints.code.te
x
File: pgfcorepoints.code.tex 2020/01/08 v3.1.5b (3.1.5b)
\pgf@picminx=\dimen257
\pgf@picmaxx=\dimen258
\pgf@picminy=\dimen259
\pgf@picmaxy=\dimen260
\pgf@pathminx=\dimen261
\pgf@pathmaxx=\dimen262
\pgf@pathminy=\dimen263
\pgf@pathmaxy=\dimen264
\pgf@xx=\dimen265
\pgf@xy=\dimen266
\pgf@yx=\dimen267
\pgf@yy=\dimen268
\pgf@zx=\dimen269
\pgf@zy=\dimen270
)
(C:\PROGRAMS\MiKTeX\MiKTeX_2.9\tex/generic/pgf/basiclayer\pgfcorepathconstruct.
code.tex
File: pgfcorepathconstruct.code.tex 2020/01/08 v3.1.5b (3.1.5b)
\pgf@path@lastx=\dimen271
\pgf@path@lasty=\dimen272
)
(C:\PROGRAMS\MiKTeX\MiKTeX_2.9\tex/generic/pgf/basiclayer\pgfcorepathusage.code
.tex
File: pgfcorepathusage.code.tex 2020/01/08 v3.1.5b (3.1.5b)
\pgf@shorten@end@additional=\dimen273
\pgf@shorten@start@additional=\dimen274
)
(C:\PROGRAMS\MiKTeX\MiKTeX_2.9\tex/generic/pgf/basiclayer\pgfcorescopes.code.te
x
File: pgfcorescopes.code.tex 2020/01/08 v3.1.5b (3.1.5b)
\pgfpic=\box66
\pgf@hbox=\box67
\pgf@layerbox@main=\box68
\pgf@picture@serial@count=\count318
)
(C:\PROGRAMS\MiKTeX\MiKTeX_2.9\tex/generic/pgf/basiclayer\pgfcoregraphicstate.c
ode.tex
File: pgfcoregraphicstate.code.tex 2020/01/08 v3.1.5b (3.1.5b)
\pgflinewidth=\dimen275
)
(C:\PROGRAMS\MiKTeX\MiKTeX_2.9\tex/generic/pgf/basiclayer\pgfcoretransformation
s.code.tex
File: pgfcoretransformations.code.tex 2020/01/08 v3.1.5b (3.1.5b)
\pgf@pt@x=\dimen276
\pgf@pt@y=\dimen277
\pgf@pt@temp=\dimen278
)
(C:\PROGRAMS\MiKTeX\MiKTeX_2.9\tex/generic/pgf/basiclayer\pgfcorequick.code.tex
File: pgfcorequick.code.tex 2020/01/08 v3.1.5b (3.1.5b)
)
(C:\PROGRAMS\MiKTeX\MiKTeX_2.9\tex/generic/pgf/basiclayer\pgfcoreobjects.code.t
ex
File: pgfcoreobjects.code.tex 2020/01/08 v3.1.5b (3.1.5b)
)
(C:\PROGRAMS\MiKTeX\MiKTeX_2.9\tex/generic/pgf/basiclayer\pgfcorepathprocessing
.code.tex
File: pgfcorepathprocessing.code.tex 2020/01/08 v3.1.5b (3.1.5b)
)
(C:\PROGRAMS\MiKTeX\MiKTeX_2.9\tex/generic/pgf/basiclayer\pgfcorearrows.code.te
x
File: pgfcorearrows.code.tex 2020/01/08 v3.1.5b (3.1.5b)
\pgfarrowsep=\dimen279
)
(C:\PROGRAMS\MiKTeX\MiKTeX_2.9\tex/generic/pgf/basiclayer\pgfcoreshade.code.tex
File: pgfcoreshade.code.tex 2020/01/08 v3.1.5b (3.1.5b)
\pgf@max=\dimen280
\pgf@sys@shading@range@num=\count319
\pgf@shadingcount=\count320
)
(C:\PROGRAMS\MiKTeX\MiKTeX_2.9\tex/generic/pgf/basiclayer\pgfcoreimage.code.tex
File: pgfcoreimage.code.tex 2020/01/08 v3.1.5b (3.1.5b)

(C:\PROGRAMS\MiKTeX\MiKTeX_2.9\tex/generic/pgf/basiclayer\pgfcoreexternal.code.
tex
File: pgfcoreexternal.code.tex 2020/01/08 v3.1.5b (3.1.5b)
\pgfexternal@startupbox=\box69
))
(C:\PROGRAMS\MiKTeX\MiKTeX_2.9\tex/generic/pgf/basiclayer\pgfcorelayers.code.te
x
File: pgfcorelayers.code.tex 2020/01/08 v3.1.5b (3.1.5b)
)
(C:\PROGRAMS\MiKTeX\MiKTeX_2.9\tex/generic/pgf/basiclayer\pgfcoretransparency.c
ode.tex
File: pgfcoretransparency.code.tex 2020/01/08 v3.1.5b (3.1.5b)
)
(C:\PROGRAMS\MiKTeX\MiKTeX_2.9\tex/generic/pgf/basiclayer\pgfcorepatterns.code.
tex
File: pgfcorepatterns.code.tex 2020/01/08 v3.1.5b (3.1.5b)
)
(C:\PROGRAMS\MiKTeX\MiKTeX_2.9\tex/generic/pgf/basiclayer\pgfcorerdf.code.tex
File: pgfcorerdf.code.tex 2020/01/08 v3.1.5b (3.1.5b)
)))
(C:\PROGRAMS\MiKTeX\MiKTeX_2.9\tex/generic/pgf/modules\pgfmoduleshapes.code.tex
File: pgfmoduleshapes.code.tex 2020/01/08 v3.1.5b (3.1.5b)
\pgfnodeparttextbox=\box70
) (C:\PROGRAMS\MiKTeX\MiKTeX_2.9\tex/generic/pgf/modules\pgfmoduleplot.code.tex
File: pgfmoduleplot.code.tex 2020/01/08 v3.1.5b (3.1.5b)
)
(C:\PROGRAMS\MiKTeX\MiKTeX_2.9\tex/latex/pgf/compatibility\pgfcomp-version-0-65
.sty
Package: pgfcomp-version-0-65 2020/01/08 v3.1.5b (3.1.5b)
\pgf@nodesepstart=\dimen281
\pgf@nodesepend=\dimen282
)
(C:\PROGRAMS\MiKTeX\MiKTeX_2.9\tex/latex/pgf/compatibility\pgfcomp-version-1-18
.sty
Package: pgfcomp-version-1-18 2020/01/08 v3.1.5b (3.1.5b)
)) (C:\PROGRAMS\MiKTeX\MiKTeX_2.9\tex/latex/pgf/utilities\pgffor.sty
(C:\PROGRAMS\MiKTeX\MiKTeX_2.9\tex/latex/pgf/utilities\pgfkeys.sty
(C:\PROGRAMS\MiKTeX\MiKTeX_2.9\tex/generic/pgf/utilities\pgfkeys.code.tex))
(C:\PROGRAMS\MiKTeX\MiKTeX_2.9\tex/latex/pgf/math\pgfmath.sty
(C:\PROGRAMS\MiKTeX\MiKTeX_2.9\tex/generic/pgf/math\pgfmath.code.tex))
(C:\PROGRAMS\MiKTeX\MiKTeX_2.9\tex/generic/pgf/utilities\pgffor.code.tex
Package: pgffor 2020/01/08 v3.1.5b (3.1.5b)

(C:\PROGRAMS\MiKTeX\MiKTeX_2.9\tex/generic/pgf/math\pgfmath.code.tex)
\pgffor@iter=\dimen283
\pgffor@skip=\dimen284
\pgffor@stack=\toks37
\pgffor@toks=\toks38
))
(C:\PROGRAMS\MiKTeX\MiKTeX_2.9\tex/generic/pgf/frontendlayer/tikz\tikz.code.tex
Package: tikz 2020/01/08 v3.1.5b (3.1.5b)

(C:\PROGRAMS\MiKTeX\MiKTeX_2.9\tex/generic/pgf/libraries\pgflibraryplothandlers
.code.tex
File: pgflibraryplothandlers.code.tex 2020/01/08 v3.1.5b (3.1.5b)
\pgf@plot@mark@count=\count321
\pgfplotmarksize=\dimen285
)
\tikz@lastx=\dimen286
\tikz@lasty=\dimen287
\tikz@lastxsaved=\dimen288
\tikz@lastysaved=\dimen289
\tikz@lastmovetox=\dimen290
\tikz@lastmovetoy=\dimen291
\tikzleveldistance=\dimen292
\tikzsiblingdistance=\dimen293
\tikz@figbox=\box71
\tikz@figbox@bg=\box72
\tikz@tempbox=\box73
\tikz@tempbox@bg=\box74
\tikztreelevel=\count322
\tikznumberofchildren=\count323
\tikznumberofcurrentchild=\count324
\tikz@fig@count=\count325

(C:\PROGRAMS\MiKTeX\MiKTeX_2.9\tex/generic/pgf/modules\pgfmodulematrix.code.tex
File: pgfmodulematrix.code.tex 2020/01/08 v3.1.5b (3.1.5b)
\pgfmatrixcurrentrow=\count326
\pgfmatrixcurrentcolumn=\count327
\pgf@matrix@numberofcolumns=\count328
)
\tikz@expandcount=\count329

(C:\PROGRAMS\MiKTeX\MiKTeX_2.9\tex/generic/pgf/frontendlayer/tikz/libraries\tik
zlibrarytopaths.code.tex
File: tikzlibrarytopaths.code.tex 2020/01/08 v3.1.5b (3.1.5b)
)))
(C:\PROGRAMS\MiKTeX\MiKTeX_2.9\tex/latex/tikz-3dplot\tikz-3dplot.sty
(C:\PROGRAMS\MiKTeX\MiKTeX_2.9\tex/latex/base\ifthen.sty
Package: ifthen 2014/09/29 v1.1c Standard LaTeX ifthen package (DPC)
)
(C:\PROGRAMS\MiKTeX\MiKTeX_2.9\tex/generic/pgf/frontendlayer/tikz/libraries\tik
zlibrarycalc.code.tex
File: tikzlibrarycalc.code.tex 2020/01/08 v3.1.5b (3.1.5b)
)
(C:\PROGRAMS\MiKTeX\MiKTeX_2.9\tex/generic/pgf/frontendlayer/tikz/libraries\tik
zlibrary3d.code.tex
File: tikzlibrary3d.code.tex 2020/01/08 v3.1.5b (3.1.5b)
)
(C:\PROGRAMS\MiKTeX\MiKTeX_2.9\tex/generic/pgf/frontendlayer/tikz/libraries\tik
zlibraryarrows.code.tex
File: tikzlibraryarrows.code.tex 2020/01/08 v3.1.5b (3.1.5b)

(C:\PROGRAMS\MiKTeX\MiKTeX_2.9\tex/generic/pgf/libraries\pgflibraryarrows.code.
tex
File: pgflibraryarrows.code.tex 2020/01/08 v3.1.5b (3.1.5b)
\arrowsize=\dimen294
))) (C:\PROGRAMS\MiKTeX\MiKTeX_2.9\tex/latex/cleveref\cleveref.sty
Package: cleveref 2018/03/27 v0.21.4 Intelligent cross-referencing
Package cleveref Info: `hyperref' support loaded on input line 2370.
LaTeX Info: Redefining \cref on input line 2370.
LaTeX Info: Redefining \Cref on input line 2370.
LaTeX Info: Redefining \crefrange on input line 2370.
LaTeX Info: Redefining \Crefrange on input line 2370.
LaTeX Info: Redefining \cpageref on input line 2370.
LaTeX Info: Redefining \Cpageref on input line 2370.
LaTeX Info: Redefining \cpagerefrange on input line 2370.
LaTeX Info: Redefining \Cpagerefrange on input line 2370.
LaTeX Info: Redefining \labelcref on input line 2370.
LaTeX Info: Redefining \labelcpageref on input line 2370.
)
(C:\PROGRAMS\MiKTeX\MiKTeX_2.9\tex/latex/pgfplots\pgfplots.sty
(C:\PROGRAMS\MiKTeX\MiKTeX_2.9\tex/generic/pgfplots\pgfplots.revision.tex)
Package: pgfplots 2018/03/28 v1.16 Data Visualization (1.16)

(C:\PROGRAMS\MiKTeX\MiKTeX_2.9\tex/generic/pgfplots\pgfplots.code.tex
(C:\PROGRAMS\MiKTeX\MiKTeX_2.9\tex/generic/pgfplots\pgfplotscore.code.tex
\t@pgfplots@toka=\toks39
\t@pgfplots@tokb=\toks40
\t@pgfplots@tokc=\toks41
\pgfplots@tmpa=\dimen295
\c@pgfplots@coordindex=\count330
\c@pgfplots@scanlineindex=\count331

(C:\PROGRAMS\MiKTeX\MiKTeX_2.9\tex/generic/pgfplots/sys\pgfplotssysgeneric.code
.tex))
(C:\PROGRAMS\MiKTeX\MiKTeX_2.9\tex/generic/pgfplots/libs\pgfplotslibrary.code.t
ex)
(C:\PROGRAMS\MiKTeX\MiKTeX_2.9\tex/generic/pgfplots/oldpgfcompatib\pgfplotsoldp
gfsupp_loader.code.tex
(C:\PROGRAMS\MiKTeX\MiKTeX_2.9\tex/generic/pgf/libraries\pgflibraryfpu.code.tex
))
(C:\PROGRAMS\MiKTeX\MiKTeX_2.9\tex/generic/pgfplots/util\pgfplotsutil.code.tex
(C:\PROGRAMS\MiKTeX\MiKTeX_2.9\tex/generic/pgfplots/liststructure\pgfplotslists
tructure.code.tex)
(C:\PROGRAMS\MiKTeX\MiKTeX_2.9\tex/generic/pgfplots/liststructure\pgfplotslists
tructureext.code.tex)
(C:\PROGRAMS\MiKTeX\MiKTeX_2.9\tex/generic/pgfplots/liststructure\pgfplotsarray
.code.tex
\c@pgfplotsarray@tmp=\count332
)
(C:\PROGRAMS\MiKTeX\MiKTeX_2.9\tex/generic/pgfplots/liststructure\pgfplotsmatri
x.code.tex)
(C:\PROGRAMS\MiKTeX\MiKTeX_2.9\tex/generic/pgfplots/numtable\pgfplotstableshare
d.code.tex
\c@pgfplotstable@counta=\count333
\t@pgfplotstable@a=\toks42
)
(C:\PROGRAMS\MiKTeX\MiKTeX_2.9\tex/generic/pgfplots/liststructure\pgfplotsdeque
.code.tex)
(C:\PROGRAMS\MiKTeX\MiKTeX_2.9\tex/generic/pgfplots/util\pgfplotsbinary.code.te
x
(C:\PROGRAMS\MiKTeX\MiKTeX_2.9\tex/generic/pgfplots/util\pgfplotsbinary.data.co
de.tex))
(C:\PROGRAMS\MiKTeX\MiKTeX_2.9\tex/generic/pgfplots/util\pgfplotsutil.verb.code
.tex)
(C:\PROGRAMS\MiKTeX\MiKTeX_2.9\tex/generic/pgfplots/libs\pgflibrarypgfplots.sur
fshading.code.tex
\c@pgfplotslibrarysurf@no=\count334

(C:\PROGRAMS\MiKTeX\MiKTeX_2.9\tex/generic/pgfplots/sys\pgflibrarypgfplots.surf
shading.pgfsys-pdftex.def)))
(C:\PROGRAMS\MiKTeX\MiKTeX_2.9\tex/generic/pgfplots/util\pgfplotscolormap.code.
tex
(C:\PROGRAMS\MiKTeX\MiKTeX_2.9\tex/generic/pgfplots/util\pgfplotscolor.code.tex
))
(C:\PROGRAMS\MiKTeX\MiKTeX_2.9\tex/generic/pgfplots\pgfplotsstackedplots.code.t
ex)
(C:\PROGRAMS\MiKTeX\MiKTeX_2.9\tex/generic/pgfplots\pgfplotsplothandlers.code.t
ex
(C:\PROGRAMS\MiKTeX\MiKTeX_2.9\tex/generic/pgfplots\pgfplotsmeshplothandler.cod
e.tex
(C:\PROGRAMS\MiKTeX\MiKTeX_2.9\tex/generic/pgfplots\pgfplotsmeshplotimage.code.
tex)))
(C:\PROGRAMS\MiKTeX\MiKTeX_2.9\tex/generic/pgfplots\pgfplots.scaling.code.tex)
(C:\PROGRAMS\MiKTeX\MiKTeX_2.9\tex/generic/pgfplots\pgfplotscoordprocessing.cod
e.tex)
(C:\PROGRAMS\MiKTeX\MiKTeX_2.9\tex/generic/pgfplots\pgfplots.errorbars.code.tex
) (C:\PROGRAMS\MiKTeX\MiKTeX_2.9\tex/generic/pgfplots\pgfplots.markers.code.tex
) (C:\PROGRAMS\MiKTeX\MiKTeX_2.9\tex/generic/pgfplots\pgfplotsticks.code.tex)
(C:\PROGRAMS\MiKTeX\MiKTeX_2.9\tex/generic/pgfplots\pgfplots.paths.code.tex)
(C:\PROGRAMS\MiKTeX\MiKTeX_2.9\tex/generic/pgf/frontendlayer/tikz/libraries\tik
zlibrarydecorations.code.tex
(C:\PROGRAMS\MiKTeX\MiKTeX_2.9\tex/generic/pgf/modules\pgfmoduledecorations.cod
e.tex
\pgfdecoratedcompleteddistance=\dimen296
\pgfdecoratedremainingdistance=\dimen297
\pgfdecoratedinputsegmentcompleteddistance=\dimen298
\pgfdecoratedinputsegmentremainingdistance=\dimen299
\pgf@decorate@distancetomove=\dimen300
\pgf@decorate@repeatstate=\count335
\pgfdecorationsegmentamplitude=\dimen301
\pgfdecorationsegmentlength=\dimen302
)
\tikz@lib@dec@box=\box75
)
(C:\PROGRAMS\MiKTeX\MiKTeX_2.9\tex/generic/pgf/frontendlayer/tikz/libraries\tik
zlibrarydecorations.pathmorphing.code.tex
(C:\PROGRAMS\MiKTeX\MiKTeX_2.9\tex/generic/pgf/libraries/decorations\pgflibrary
decorations.pathmorphing.code.tex))
(C:\PROGRAMS\MiKTeX\MiKTeX_2.9\tex/generic/pgf/frontendlayer/tikz/libraries\tik
zlibrarydecorations.pathreplacing.code.tex
(C:\PROGRAMS\MiKTeX\MiKTeX_2.9\tex/generic/pgf/libraries/decorations\pgflibrary
decorations.pathreplacing.code.tex))
\pgfplots@numplots=\count336
\pgfplots@xmin@reg=\dimen303
\pgfplots@xmax@reg=\dimen304
\pgfplots@ymin@reg=\dimen305
\pgfplots@ymax@reg=\dimen306
\pgfplots@zmin@reg=\dimen307
\pgfplots@zmax@reg=\dimen308
)
(C:\PROGRAMS\MiKTeX\MiKTeX_2.9\tex/generic/pgf/frontendlayer/tikz/libraries\tik
zlibraryplotmarks.code.tex
File: tikzlibraryplotmarks.code.tex 2020/01/08 v3.1.5b (3.1.5b)

(C:\PROGRAMS\MiKTeX\MiKTeX_2.9\tex/generic/pgf/libraries\pgflibraryplotmarks.co
de.tex
File: pgflibraryplotmarks.code.tex 2020/01/08 v3.1.5b (3.1.5b)
))) (C:\PROGRAMS\MiKTeX\MiKTeX_2.9\tex/latex/caption\caption.sty
Package: caption 2020/01/03 v3.4h Customizing captions (AR)

(C:\PROGRAMS\MiKTeX\MiKTeX_2.9\tex/latex/caption\caption3.sty
Package: caption3 2020/01/03 v1.8h caption3 kernel (AR)
Package caption3 Info: TeX engine: e-TeX on input line 61.
\captionmargin=\dimen309
\captionmargin@=\dimen310
\captionwidth=\dimen311
\caption@tempdima=\dimen312
\caption@indent=\dimen313
\caption@parindent=\dimen314
\caption@hangindent=\dimen315
Package caption Info: elsarticle document class detected.
)
\c@caption@flags=\count337
\c@continuedfloat=\count338
Package caption Info: hyperref package is loaded.
)
(C:\PROGRAMS\MiKTeX\MiKTeX_2.9\tex/latex/booktabs\booktabs.sty
Package: booktabs 2020/01/12 v1.61803398 Publication quality tables
\heavyrulewidth=\dimen316
\lightrulewidth=\dimen317
\cmidrulewidth=\dimen318
\belowrulesep=\dimen319
\belowbottomsep=\dimen320
\aboverulesep=\dimen321
\abovetopsep=\dimen322
\cmidrulesep=\dimen323
\cmidrulekern=\dimen324
\defaultaddspace=\dimen325
\@cmidla=\count339
\@cmidlb=\count340
\@aboverulesep=\dimen326
\@belowrulesep=\dimen327
\@thisruleclass=\count341
\@lastruleclass=\count342
\@thisrulewidth=\dimen328
)
(C:\PROGRAMS\MiKTeX\MiKTeX_2.9\tex/latex/microtype\microtype.sty
Package: microtype 2019/11/18 v2.7d Micro-typographical refinements (RS)
\MT@toks=\toks43
\MT@count=\count343
LaTeX Info: Redefining \textls on input line 790.
\MT@outer@kern=\dimen329
LaTeX Info: Redefining \textmicrotypecontext on input line 1354.
\MT@listname@count=\count344

(C:\PROGRAMS\MiKTeX\MiKTeX_2.9\tex/latex/microtype\microtype-pdftex.def
File: microtype-pdftex.def 2019/11/18 v2.7d Definitions specific to pdftex (RS)

LaTeX Info: Redefining \lsstyle on input line 914.
LaTeX Info: Redefining \lslig on input line 914.
\MT@outer@space=\skip76
)
Package microtype Info: Loading configuration file microtype.cfg.

(C:\PROGRAMS\MiKTeX\MiKTeX_2.9\tex/latex/microtype\microtype.cfg
File: microtype.cfg 2019/11/18 v2.7d microtype main configuration file (RS)
))
(C:\PROGRAMS\MiKTeX\MiKTeX_2.9\tex/latex/caption\subcaption.sty
Package: subcaption 2020/01/22 v1.3d Sub-captions (AR)
\c@subfigure=\count345
\c@subtable=\count346
)
(C:\PROGRAMS\MiKTeX\MiKTeX_2.9\tex/latex/threeparttable\threeparttable.sty
Package: threeparttable 2003/06/13  v 3.0
\@tempboxb=\box76
)
(C:\PROGRAMS\MiKTeX\MiKTeX_2.9\tex/latex/physics\physics.sty
Package: physics 
)
(C:\PROGRAMS\MiKTeX\MiKTeX_2.9\tex/latex/colortbl\colortbl.sty
Package: colortbl 2020/01/04 v1.0e Color table columns (DPC)
\everycr=\toks44
\minrowclearance=\skip77
)
(C:\PROGRAMS\MiKTeX\MiKTeX_2.9\tex/latex/csquotes\csquotes.sty
Package: csquotes 2019-12-06 v5.2j context-sensitive quotations (JAW)

(C:\PROGRAMS\MiKTeX\MiKTeX_2.9\tex/latex/etoolbox\etoolbox.sty
Package: etoolbox 2019/09/21 v2.5h e-TeX tools for LaTeX (JAW)
\etb@tempcnta=\count347
)
\csq@reset=\count348
\csq@gtype=\count349
\csq@glevel=\count350
\csq@qlevel=\count351
\csq@maxlvl=\count352
\csq@tshold=\count353
\csq@ltx@everypar=\toks45

(C:\PROGRAMS\MiKTeX\MiKTeX_2.9\tex/latex/csquotes\csquotes.def
File: csquotes.def 2019-12-06 v5.2j csquotes generic definitions (JAW)
)
Package csquotes Info: Trying to load configuration file 'csquotes.cfg'...
Package csquotes Info: ... configuration file loaded successfully.

(C:\PROGRAMS\MiKTeX\MiKTeX_2.9\tex/latex/csquotes\csquotes.cfg
File: csquotes.cfg 
)
Package csquotes Info: Enabling multilingual quotes.
Package csquotes Info: Redefining alias 'english' -> 'english/american'.
)
(C:\PROGRAMS\MiKTeX\MiKTeX_2.9\tex/generic/pgf/frontendlayer/tikz/libraries\tik
zlibrarybackgrounds.code.tex
File: tikzlibrarybackgrounds.code.tex 2020/01/08 v3.1.5b (3.1.5b)
\pgf@layerbox@background=\box77
\pgf@layerboxsaved@background=\box78
)
(C:\PROGRAMS\MiKTeX\MiKTeX_2.9\tex/latex/pgf/frontendlayer/libraries\tikzlibrar
yexternal.code.tex
(C:\PROGRAMS\MiKTeX\MiKTeX_2.9\tex/generic/pgf/frontendlayer/tikz/libraries\tik
zexternalshared.code.tex))
(C:\PROGRAMS\MiKTeX\MiKTeX_2.9\tex/generic/pgf/frontendlayer/tikz/libraries\tik
zlibrarypositioning.code.tex
File: tikzlibrarypositioning.code.tex 2020/01/08 v3.1.5b (3.1.5b)
)
(C:\PROGRAMS\MiKTeX\MiKTeX_2.9\tex/generic/pgf/frontendlayer/tikz/libraries\tik
zlibrarypatterns.code.tex
File: tikzlibrarypatterns.code.tex 2020/01/08 v3.1.5b (3.1.5b)

(C:\PROGRAMS\MiKTeX\MiKTeX_2.9\tex/generic/pgf/libraries\pgflibrarypatterns.cod
e.tex
File: pgflibrarypatterns.code.tex 2020/01/08 v3.1.5b (3.1.5b)
))
(C:\PROGRAMS\MiKTeX\MiKTeX_2.9\tex/latex/hobby\tikzlibraryhobby.code.tex
(C:\PROGRAMS\MiKTeX\MiKTeX_2.9\tex/latex/hobby\pgflibraryhobby.code.tex
(C:\PROGRAMS\MiKTeX\MiKTeX_2.9\tex/latex/hobby\hobby.code.tex
(C:\PROGRAMS\MiKTeX\MiKTeX_2.9\tex/latex/hobby\pml3array.sty
\l_array_base_int=\count354
\l_array_top_int=\count355
\l_array_tmp_int=\count356
\g_array_base_int=\count357
)
\l_hobby_npoints_int=\count358
\l_hobby_draw_int=\count359
)))
(C:\PROGRAMS\MiKTeX\MiKTeX_2.9\tex/generic/pgf/frontendlayer/tikz/libraries\tik
zlibraryshapes.geometric.code.tex
File: tikzlibraryshapes.geometric.code.tex 2020/01/08 v3.1.5b (3.1.5b)

(C:\PROGRAMS\MiKTeX\MiKTeX_2.9\tex/generic/pgf/libraries/shapes\pgflibraryshape
s.geometric.code.tex
File: pgflibraryshapes.geometric.code.tex 2020/01/08 v3.1.5b (3.1.5b)
))
(C:\PROGRAMS\MiKTeX\MiKTeX_2.9\tex/generic/pgfplots/libs\tikzlibrarypgfplots.gr
oupplots.code.tex
\pgfplots@group@current@plot=\count360
\pgfplots@group@current@row=\count361
\pgfplots@group@current@column=\count362
)
(C:\PROGRAMS\MiKTeX\MiKTeX_2.9\tex/generic/pgf/frontendlayer/tikz/libraries\tik
zlibraryintersections.code.tex
(C:\PROGRAMS\MiKTeX\MiKTeX_2.9\tex/generic/pgf/libraries\pgflibraryintersection
s.code.tex
\pgf@intersect@solutions=\count363
))
\openout4 = `SootModel_Modification_RadCal_HadiBordbar_May2020.auxlock'.

Package csquotes Info: Checking for multilingual support...
Package csquotes Info: ... none found.


Package csquotes Warning: No multilingual support.
(csquotes)                Cannot enable multilingual quotes on input line 85.

(SootModel_Modification_RadCal_HadiBordbar_May2020.aux)
\openout1 = `SootModel_Modification_RadCal_HadiBordbar_May2020.aux'.

LaTeX Font Info:    Checking defaults for OML/cmm/m/it on input line 85.
LaTeX Font Info:    ... okay on input line 85.
LaTeX Font Info:    Checking defaults for OMS/cmsy/m/n on input line 85.
LaTeX Font Info:    ... okay on input line 85.
LaTeX Font Info:    Checking defaults for OT1/cmr/m/n on input line 85.
LaTeX Font Info:    ... okay on input line 85.
LaTeX Font Info:    Checking defaults for T1/cmr/m/n on input line 85.
LaTeX Font Info:    ... okay on input line 85.
LaTeX Font Info:    Checking defaults for TS1/cmr/m/n on input line 85.
LaTeX Font Info:    ... okay on input line 85.
LaTeX Font Info:    Checking defaults for OMX/cmex/m/n on input line 85.
LaTeX Font Info:    ... okay on input line 85.
LaTeX Font Info:    Checking defaults for U/cmr/m/n on input line 85.
LaTeX Font Info:    ... okay on input line 85.
LaTeX Font Info:    Checking defaults for PD1/pdf/m/n on input line 85.
LaTeX Font Info:    ... okay on input line 85.
LaTeX Font Info:    Trying to load font information for T1+lmr on input line 85
.

(C:\PROGRAMS\MiKTeX\MiKTeX_2.9\tex/latex/lm\t1lmr.fd
File: t1lmr.fd 2009/10/30 v1.6 Font defs for Latin Modern
)
(C:\PROGRAMS\MiKTeX\MiKTeX_2.9\tex/context/base/mkii\supp-pdf.mkii
[Loading MPS to PDF converter (version 2006.09.02).]
\scratchcounter=\count364
\scratchdimen=\dimen330
\scratchbox=\box79
\nofMPsegments=\count365
\nofMParguments=\count366
\everyMPshowfont=\toks46
\MPscratchCnt=\count367
\MPscratchDim=\dimen331
\MPnumerator=\count368
\makeMPintoPDFobject=\count369
\everyMPtoPDFconversion=\toks47
) (C:\PROGRAMS\MiKTeX\MiKTeX_2.9\tex/latex/epstopdf-pkg\epstopdf-base.sty
Package: epstopdf-base 2020-01-24 v2.11 Base part for package epstopdf
Package epstopdf-base Info: Redefining graphics rule for `.eps' on input line 4
85.
)
*geometry* driver: auto-detecting
*geometry* detected driver: pdftex
*geometry* verbose mode - [ preamble ] result:
* driver: pdftex
* paper: custom
* layout: <same size as paper>
* layoutoffset:(h,v)=(0.0pt,0.0pt)
* hratio: 1:1
* vratio: 1:1
* modes: 
* h-part:(L,W,R)=(64.75394pt, 468.0pt, 64.75394pt)
* v-part:(T,H,B)=(111.52342pt, 622.0pt, 111.52342pt)
* \paperwidth=597.50787pt
* \paperheight=845.04684pt
* \textwidth=468.0pt
* \textheight=622.0pt
* \oddsidemargin=-7.51605pt
* \evensidemargin=-7.51605pt
* \topmargin=-22.74657pt
* \headheight=50.0pt
* \headsep=12.0pt
* \topskip=10.0pt
* \footskip=50.0pt
* \marginparwidth=65.0pt
* \marginparsep=11.0pt
* \columnsep=24.0pt
* \skip\footins=24.0pt plus 2.0pt minus 12.0pt
* \hoffset=0.0pt
* \voffset=0.0pt
* \mag=1000
* \@twocolumnfalse
* \@twosidefalse
* \@mparswitchfalse
* \@reversemarginfalse
* (1in=72.27pt=25.4mm, 1cm=28.453pt)


(C:\PROGRAMS\MiKTeX\MiKTeX_2.9\tex/latex/translator\translator-basic-dictionary
-English.dict
Dictionary: translator-basic-dictionary, Language: English 
)
(C:\PROGRAMS\MiKTeX\MiKTeX_2.9\tex/latex/siunitx\siunitx-abbreviations.cfg
File: siunitx-abbreviations.cfg 2017/11/26 v2.7k siunitx: Abbreviated units
)
\AtBeginShipoutBox=\box80
Package hyperref Info: Link coloring OFF on input line 85.

(C:\PROGRAMS\MiKTeX\MiKTeX_2.9\tex/latex/hyperref\nameref.sty
Package: nameref 2019/09/16 v2.46 Cross-referencing by name of section

(C:\PROGRAMS\MiKTeX\MiKTeX_2.9\tex/latex/refcount\refcount.sty
Package: refcount 2019/12/15 v3.6 Data extraction from label references (HO)
)
(C:\PROGRAMS\MiKTeX\MiKTeX_2.9\tex/generic/gettitlestring\gettitlestring.sty
Package: gettitlestring 2019/12/15 v1.6 Cleanup title references (HO)
)
\c@section@level=\count370
)
LaTeX Info: Redefining \ref on input line 85.
LaTeX Info: Redefining \pageref on input line 85.
LaTeX Info: Redefining \nameref on input line 85.

(SootModel_Modification_RadCal_HadiBordbar_May2020.out)
(SootModel_Modification_RadCal_HadiBordbar_May2020.out)
\@outlinefile=\write5
\openout5 = `SootModel_Modification_RadCal_HadiBordbar_May2020.out'.


Package chemgreek Info: Activating mapping `default' on line 85.


ABD: EveryShipout initializing macros
Package pgfplots notification 'compat/show suggested version=true': document ha
s been generated with the most recent feature set (\pgfplotsset{compat=1.16}).

Package caption Info: Begin \AtBeginDocument code.
Package caption Info: threeparttable package is loaded.
Package caption Info: End \AtBeginDocument code.
LaTeX Info: Redefining \microtypecontext on input line 85.
Package microtype Info: Generating PDF output.
Package microtype Info: Character protrusion enabled (level 2).
Package microtype Info: Using default protrusion set `alltext'.
Package microtype Info: Automatic font expansion enabled (level 2),
(microtype)             stretch: 20, shrink: 20, step: 1, non-selected.
Package microtype Info: Using default expansion set `basictext'.
LaTeX Info: Redefining \showhyphens on input line 85.
Package microtype Info: No adjustment of tracking.
Package microtype Info: No adjustment of interword spacing.
Package microtype Info: No adjustment of character kerning.
(C:\PROGRAMS\MiKTeX\MiKTeX_2.9\tex/latex/microtype\mt-cmr.cfg
File: mt-cmr.cfg 2013/05/19 v2.2 microtype config. file: Computer Modern Roman 
(RS)
)
LaTeX Font Info:    Trying to load font information for OT1+lmr on input line 8
5.

(C:\PROGRAMS\MiKTeX\MiKTeX_2.9\tex/latex/lm\ot1lmr.fd
File: ot1lmr.fd 2009/10/30 v1.6 Font defs for Latin Modern
)
LaTeX Font Info:    Trying to load font information for OML+lmm on input line 8
5.

(C:\PROGRAMS\MiKTeX\MiKTeX_2.9\tex/latex/lm\omllmm.fd
File: omllmm.fd 2009/10/30 v1.6 Font defs for Latin Modern
)
LaTeX Font Info:    Trying to load font information for OMS+lmsy on input line 
85.

(C:\PROGRAMS\MiKTeX\MiKTeX_2.9\tex/latex/lm\omslmsy.fd
File: omslmsy.fd 2009/10/30 v1.6 Font defs for Latin Modern
)
LaTeX Font Info:    Trying to load font information for OMX+lmex on input line 
85.

(C:\PROGRAMS\MiKTeX\MiKTeX_2.9\tex/latex/lm\omxlmex.fd
File: omxlmex.fd 2009/10/30 v1.6 Font defs for Latin Modern
)
LaTeX Font Info:    External font `lmex10' loaded for size
(Font)              <10> on input line 85.
LaTeX Font Info:    External font `lmex10' loaded for size
(Font)              <7> on input line 85.
LaTeX Font Info:    External font `lmex10' loaded for size
(Font)              <5> on input line 85.
LaTeX Font Info:    Trying to load font information for OT1+lmss on input line 
85.

(C:\PROGRAMS\MiKTeX\MiKTeX_2.9\tex/latex/lm\ot1lmss.fd
File: ot1lmss.fd 2009/10/30 v1.6 Font defs for Latin Modern
)
Package microtype Info: Loading generic protrusion settings for font family
(microtype)             `lmss' (encoding: OT1).
(microtype)             For optimal results, create family-specific settings.
(microtype)             See the microtype manual for details.
LaTeX Font Info:    Trying to load font information for OT1+lmtt on input line 
85.

(C:\PROGRAMS\MiKTeX\MiKTeX_2.9\tex/latex/lm\ot1lmtt.fd
File: ot1lmtt.fd 2009/10/30 v1.6 Font defs for Latin Modern
)
Package microtype Info: Loading generic protrusion settings for font family
(microtype)             `lmtt' (encoding: OT1).
(microtype)             For optimal results, create family-specific settings.
(microtype)             See the microtype manual for details.
LaTeX Font Info:    External font `lmex10' loaded for size
(Font)              <8> on input line 112.
LaTeX Font Info:    External font `lmex10' loaded for size
(Font)              <6> on input line 112.
LaTeX Font Info:    Trying to load font information for T1+lmtt on input line 1
12.

(C:\PROGRAMS\MiKTeX\MiKTeX_2.9\tex/latex/lm\t1lmtt.fd
File: t1lmtt.fd 2009/10/30 v1.6 Font defs for Latin Modern
)
Package microtype Info: Loading generic protrusion settings for font family
(microtype)             `lmtt' (encoding: T1).
(microtype)             For optimal results, create family-specific settings.
(microtype)             See the microtype manual for details.
<Figures/Fig1_P_C.pdf, id=35, 341.275pt x 227.85126pt>
File: Figures/Fig1_P_C.pdf Graphic file (type pdf)
<use Figures/Fig1_P_C.pdf>
Package pdftex.def Info: Figures/Fig1_P_C.pdf  used on input line 152.
(pdftex.def)             Requested size: 341.43306pt x 227.97237pt.


LaTeX Warning: `!h' float specifier changed to `!ht'.

<Figures/Fig2_P_C_eta.pdf, id=38, 341.275pt x 227.85126pt>
File: Figures/Fig2_P_C_eta.pdf Graphic file (type pdf)
<use Figures/Fig2_P_C_eta.pdf>
Package pdftex.def Info: Figures/Fig2_P_C_eta.pdf  used on input line 163.
(pdftex.def)             Requested size: 341.43306pt x 227.97237pt.

Overfull \hbox (2.22221pt too wide) has occurred while \output is active
[] 
 []

[1

{C:/Users/bordbah1/AppData/Local/MiKTeX/2.9/pdftex/config/pdftex.map}]
<../Examples/Cases_OriginalVersion/Tw500_Tg300_Ethylene_31cm/Soot8/ETHYLENE_Soo
t8.pdf, id=85, 867.24pt x 650.43pt>
File: ../Examples/Cases_OriginalVersion/Tw500_Tg300_Ethylene_31cm/Soot8/ETHYLEN
E_Soot8.pdf Graphic file (type pdf)
<use ../Examples/Cases_OriginalVersion/Tw500_Tg300_Ethylene_31cm/Soot8/ETHYLENE
_Soot8.pdf>
Package pdftex.def Info: ../Examples/Cases_OriginalVersion/Tw500_Tg300_Ethylene
_31cm/Soot8/ETHYLENE_Soot8.pdf  used on input line 181.
(pdftex.def)             Requested size: 398.33858pt x 298.7548pt.
<../Examples/Cases_ModifiedVersion/Tw500_Tg300_Ethylene_31cm/Soot8/ETHYLENE_Soo
t8.pdf, id=86, 867.24pt x 650.43pt>
File: ../Examples/Cases_ModifiedVersion/Tw500_Tg300_Ethylene_31cm/Soot8/ETHYLEN
E_Soot8.pdf Graphic file (type pdf)
<use ../Examples/Cases_ModifiedVersion/Tw500_Tg300_Ethylene_31cm/Soot8/ETHYLENE
_Soot8.pdf>
Package pdftex.def Info: ../Examples/Cases_ModifiedVersion/Tw500_Tg300_Ethylene
_31cm/Soot8/ETHYLENE_Soot8.pdf  used on input line 185.
(pdftex.def)             Requested size: 398.33858pt x 298.7548pt.


LaTeX Warning: Float too large for page by 30.04962pt on input line 187.

<../Examples/Cases_OriginalVersion/Tw500_Tg300_Ethylene_31cm/Soot7/ETHYLENE_Soo
t7.pdf, id=87, 867.24pt x 650.43pt>
File: ../Examples/Cases_OriginalVersion/Tw500_Tg300_Ethylene_31cm/Soot7/ETHYLEN
E_Soot7.pdf Graphic file (type pdf)
<use ../Examples/Cases_OriginalVersion/Tw500_Tg300_Ethylene_31cm/Soot7/ETHYLENE
_Soot7.pdf>
Package pdftex.def Info: ../Examples/Cases_OriginalVersion/Tw500_Tg300_Ethylene
_31cm/Soot7/ETHYLENE_Soot7.pdf  used on input line 192.
(pdftex.def)             Requested size: 398.33858pt x 298.7548pt.
<../Examples/Cases_ModifiedVersion/Tw500_Tg300_Ethylene_31cm/Soot7/ETHYLENE_Soo
t7.pdf, id=88, 867.24pt x 650.43pt>
File: ../Examples/Cases_ModifiedVersion/Tw500_Tg300_Ethylene_31cm/Soot7/ETHYLEN
E_Soot7.pdf Graphic file (type pdf)
<use ../Examples/Cases_ModifiedVersion/Tw500_Tg300_Ethylene_31cm/Soot7/ETHYLENE
_Soot7.pdf>
Package pdftex.def Info: ../Examples/Cases_ModifiedVersion/Tw500_Tg300_Ethylene
_31cm/Soot7/ETHYLENE_Soot7.pdf  used on input line 196.
(pdftex.def)             Requested size: 398.33858pt x 298.7548pt.

LaTeX Warning: Float too large for page by 30.04962pt on input line 198.

[2 <./Figures/Fig1_P_C.pdf>]
<../Examples/Cases_OriginalVersion/Tw500_Tg300_Ethylene_31cm/Soot4/ETHYLENE_Soo
t4.pdf, id=103, 867.24pt x 650.43pt>
File: ../Examples/Cases_OriginalVersion/Tw500_Tg300_Ethylene_31cm/Soot4/ETHYLEN
E_Soot4.pdf Graphic file (type pdf)
<use ../Examples/Cases_OriginalVersion/Tw500_Tg300_Ethylene_31cm/Soot4/ETHYLENE
_Soot4.pdf>
Package pdftex.def Info: ../Examples/Cases_OriginalVersion/Tw500_Tg300_Ethylene
_31cm/Soot4/ETHYLENE_Soot4.pdf  used on input line 205.
(pdftex.def)             Requested size: 398.33858pt x 298.7548pt.
<../Examples/Cases_ModifiedVersion/Tw500_Tg300_Ethylene_31cm/Soot4/ETHYLENE_Soo
t4.pdf, id=104, 867.24pt x 650.43pt>
File: ../Examples/Cases_ModifiedVersion/Tw500_Tg300_Ethylene_31cm/Soot4/ETHYLEN
E_Soot4.pdf Graphic file (type pdf)
<use ../Examples/Cases_ModifiedVersion/Tw500_Tg300_Ethylene_31cm/Soot4/ETHYLENE
_Soot4.pdf>
Package pdftex.def Info: ../Examples/Cases_ModifiedVersion/Tw500_Tg300_Ethylene
_31cm/Soot4/ETHYLENE_Soot4.pdf  used on input line 209.
(pdftex.def)             Requested size: 398.33858pt x 298.7548pt.


LaTeX Warning: Float too large for page by 30.04962pt on input line 211.

[3 <./Figures/Fig2_P_C_eta.pdf>] [4 <../Examples/Cases_OriginalVersion/Tw500_Tg
300_Ethylene_31cm/Soot8/ETHYLENE_Soot8.pdf> <../Examples/Cases_ModifiedVersion/
Tw500_Tg300_Ethylene_31cm/Soot8/ETHYLENE_Soot8.pdf

pdfTeX warning: pdflatex.exe (file ../Examples/Cases_ModifiedVersion/Tw500_Tg30
0_Ethylene_31cm/Soot8/ETHYLENE_Soot8.pdf): PDF inclusion: multiple pdfs with pa
ge group included in a single page
>] [5 <../Examples/Cases_OriginalVersion/Tw500_Tg300_Ethylene_31cm/Soot7/ETHYLE
NE_Soot7.pdf> <../Examples/Cases_ModifiedVersion/Tw500_Tg300_Ethylene_31cm/Soot
7/ETHYLENE_Soot7.pdf

pdfTeX warning: pdflatex.exe (file ../Examples/Cases_ModifiedVersion/Tw500_Tg30
0_Ethylene_31cm/Soot7/ETHYLENE_Soot7.pdf): PDF inclusion: multiple pdfs with pa
ge group included in a single page
>] [6 <../Examples/Cases_OriginalVersion/Tw500_Tg300_Ethylene_31cm/Soot4/ETHYLE
NE_Soot4.pdf> <../Examples/Cases_ModifiedVersion/Tw500_Tg300_Ethylene_31cm/Soot
4/ETHYLENE_Soot4.pdf

pdfTeX warning: pdflatex.exe (file ../Examples/Cases_ModifiedVersion/Tw500_Tg30
0_Ethylene_31cm/Soot4/ETHYLENE_Soot4.pdf): PDF inclusion: multiple pdfs with pa
ge group included in a single page
>]
<../Examples/Cases_OriginalVersion/Tw500_Tg300_Ethylene_31cm/Soot6/ETHYLENE_Soo
t6.pdf, id=603, 867.24pt x 650.43pt>
File: ../Examples/Cases_OriginalVersion/Tw500_Tg300_Ethylene_31cm/Soot6/ETHYLEN
E_Soot6.pdf Graphic file (type pdf)
<use ../Examples/Cases_OriginalVersion/Tw500_Tg300_Ethylene_31cm/Soot6/ETHYLENE
_Soot6.pdf>
Package pdftex.def Info: ../Examples/Cases_OriginalVersion/Tw500_Tg300_Ethylene
_31cm/Soot6/ETHYLENE_Soot6.pdf  used on input line 220.
(pdftex.def)             Requested size: 398.33858pt x 298.7548pt.
<../Examples/Cases_ModifiedVersion/Tw500_Tg300_Ethylene_31cm/Soot6/ETHYLENE_Soo
t6.pdf, id=604, 867.24pt x 650.43pt>
File: ../Examples/Cases_ModifiedVersion/Tw500_Tg300_Ethylene_31cm/Soot6/ETHYLEN
E_Soot6.pdf Graphic file (type pdf)
<use ../Examples/Cases_ModifiedVersion/Tw500_Tg300_Ethylene_31cm/Soot6/ETHYLENE
_Soot6.pdf>
Package pdftex.def Info: ../Examples/Cases_ModifiedVersion/Tw500_Tg300_Ethylene
_31cm/Soot6/ETHYLENE_Soot6.pdf  used on input line 224.
(pdftex.def)             Requested size: 398.33858pt x 298.7548pt.


LaTeX Warning: Float too large for page by 30.04962pt on input line 226.

<../Examples/Cases_OriginalVersion/Tw500_Tg300_Ethylene_31cm/Soot5/ETHYLENE_Soo
t5.pdf, id=605, 867.24pt x 650.43pt>
File: ../Examples/Cases_OriginalVersion/Tw500_Tg300_Ethylene_31cm/Soot5/ETHYLEN
E_Soot5.pdf Graphic file (type pdf)
<use ../Examples/Cases_OriginalVersion/Tw500_Tg300_Ethylene_31cm/Soot5/ETHYLENE
_Soot5.pdf>
Package pdftex.def Info: ../Examples/Cases_OriginalVersion/Tw500_Tg300_Ethylene
_31cm/Soot5/ETHYLENE_Soot5.pdf  used on input line 232.
(pdftex.def)             Requested size: 398.33858pt x 298.7548pt.
<../Examples/Cases_ModifiedVersion/Tw500_Tg300_Ethylene_31cm/Soot5/ETHYLENE_Soo
t5.pdf, id=606, 867.24pt x 650.43pt>
File: ../Examples/Cases_ModifiedVersion/Tw500_Tg300_Ethylene_31cm/Soot5/ETHYLEN
E_Soot5.pdf Graphic file (type pdf)
<use ../Examples/Cases_ModifiedVersion/Tw500_Tg300_Ethylene_31cm/Soot5/ETHYLENE
_Soot5.pdf>
Package pdftex.def Info: ../Examples/Cases_ModifiedVersion/Tw500_Tg300_Ethylene
_31cm/Soot5/ETHYLENE_Soot5.pdf  used on input line 236.
(pdftex.def)             Requested size: 398.33858pt x 298.7548pt.

LaTeX Warning: Float too large for page by 30.04962pt on input line 238.

[7] [8 <../Examples/Cases_OriginalVersion/Tw500_Tg300_Ethylene_31cm/Soot6/ETHYL
ENE_Soot6.pdf> <../Examples/Cases_ModifiedVersion/Tw500_Tg300_Ethylene_31cm/Soo
t6/ETHYLENE_Soot6.pdf

pdfTeX warning: pdflatex.exe (file ../Examples/Cases_ModifiedVersion/Tw500_Tg30
0_Ethylene_31cm/Soot6/ETHYLENE_Soot6.pdf): PDF inclusion: multiple pdfs with pa
ge group included in a single page
>] [9 <../Examples/Cases_OriginalVersion/Tw500_Tg300_Ethylene_31cm/Soot5/ETHYLE
NE_Soot5.pdf> <../Examples/Cases_ModifiedVersion/Tw500_Tg300_Ethylene_31cm/Soot
5/ETHYLENE_Soot5.pdf

pdfTeX warning: pdflatex.exe (file ../Examples/Cases_ModifiedVersion/Tw500_Tg30
0_Ethylene_31cm/Soot5/ETHYLENE_Soot5.pdf): PDF inclusion: multiple pdfs with pa
ge group included in a single page
>]
<../Examples/Cases_OriginalVersion/Tw300_Tg1000_Methane_1m/Soot8/Methane_Soot8.
pdf, id=942, 867.24pt x 650.43pt>
File: ../Examples/Cases_OriginalVersion/Tw300_Tg1000_Methane_1m/Soot8/Methane_S
oot8.pdf Graphic file (type pdf)
<use ../Examples/Cases_OriginalVersion/Tw300_Tg1000_Methane_1m/Soot8/Methane_So
ot8.pdf>
Package pdftex.def Info: ../Examples/Cases_OriginalVersion/Tw300_Tg1000_Methane
_1m/Soot8/Methane_Soot8.pdf  used on input line 250.
(pdftex.def)             Requested size: 398.33858pt x 298.7548pt.
<../Examples/Cases_ModifiedVersion/Tw300_Tg1000_Methane_1m/Soot8/Methane_Soot8.
pdf, id=943, 867.24pt x 650.43pt>
File: ../Examples/Cases_ModifiedVersion/Tw300_Tg1000_Methane_1m/Soot8/Methane_S
oot8.pdf Graphic file (type pdf)
<use ../Examples/Cases_ModifiedVersion/Tw300_Tg1000_Methane_1m/Soot8/Methane_So
ot8.pdf>
Package pdftex.def Info: ../Examples/Cases_ModifiedVersion/Tw300_Tg1000_Methane
_1m/Soot8/Methane_Soot8.pdf  used on input line 254.
(pdftex.def)             Requested size: 398.33858pt x 298.7548pt.


LaTeX Warning: Float too large for page by 30.04962pt on input line 256.

<../Examples/Cases_OriginalVersion/Tw300_Tg1000_Methane_1m/Soot7/Methane_Soot7.
pdf, id=944, 867.24pt x 650.43pt>
File: ../Examples/Cases_OriginalVersion/Tw300_Tg1000_Methane_1m/Soot7/Methane_S
oot7.pdf Graphic file (type pdf)
<use ../Examples/Cases_OriginalVersion/Tw300_Tg1000_Methane_1m/Soot7/Methane_So
ot7.pdf>
Package pdftex.def Info: ../Examples/Cases_OriginalVersion/Tw300_Tg1000_Methane
_1m/Soot7/Methane_Soot7.pdf  used on input line 261.
(pdftex.def)             Requested size: 398.33858pt x 298.7548pt.
<../Examples/Cases_ModifiedVersion/Tw300_Tg1000_Methane_1m/Soot7/Methane_Soot7.
pdf, id=945, 867.24pt x 650.43pt>
File: ../Examples/Cases_ModifiedVersion/Tw300_Tg1000_Methane_1m/Soot7/Methane_S
oot7.pdf Graphic file (type pdf)
<use ../Examples/Cases_ModifiedVersion/Tw300_Tg1000_Methane_1m/Soot7/Methane_So
ot7.pdf>
Package pdftex.def Info: ../Examples/Cases_ModifiedVersion/Tw300_Tg1000_Methane
_1m/Soot7/Methane_Soot7.pdf  used on input line 265.
(pdftex.def)             Requested size: 398.33858pt x 298.7548pt.

LaTeX Warning: Float too large for page by 30.04962pt on input line 267.

[10] [11 <../Examples/Cases_OriginalVersion/Tw300_Tg1000_Methane_1m/Soot8/Metha
ne_Soot8.pdf> <../Examples/Cases_ModifiedVersion/Tw300_Tg1000_Methane_1m/Soot8/
Methane_Soot8.pdf

pdfTeX warning: pdflatex.exe (file ../Examples/Cases_ModifiedVersion/Tw300_Tg10
00_Methane_1m/Soot8/Methane_Soot8.pdf): PDF inclusion: multiple pdfs with page 
group included in a single page
>] [12 <../Examples/Cases_OriginalVersion/Tw300_Tg1000_Methane_1m/Soot7/Methane
_Soot7.pdf> <../Examples/Cases_ModifiedVersion/Tw300_Tg1000_Methane_1m/Soot7/Me
thane_Soot7.pdf

pdfTeX warning: pdflatex.exe (file ../Examples/Cases_ModifiedVersion/Tw300_Tg10
00_Methane_1m/Soot7/Methane_Soot7.pdf): PDF inclusion: multiple pdfs with page 
group included in a single page
>]
<../Examples/Cases_OriginalVersion/Tw300_Tg1000_Methane_1m/Soot4/Methane_Soot4.
pdf, id=1267, 867.24pt x 650.43pt>
File: ../Examples/Cases_OriginalVersion/Tw300_Tg1000_Methane_1m/Soot4/Methane_S
oot4.pdf Graphic file (type pdf)
<use ../Examples/Cases_OriginalVersion/Tw300_Tg1000_Methane_1m/Soot4/Methane_So
ot4.pdf>
Package pdftex.def Info: ../Examples/Cases_OriginalVersion/Tw300_Tg1000_Methane
_1m/Soot4/Methane_Soot4.pdf  used on input line 277.
(pdftex.def)             Requested size: 398.33858pt x 298.7548pt.
<../Examples/Cases_ModifiedVersion/Tw300_Tg1000_Methane_1m/Soot4/Methane_Soot4.
pdf, id=1268, 867.24pt x 650.43pt>
File: ../Examples/Cases_ModifiedVersion/Tw300_Tg1000_Methane_1m/Soot4/Methane_S
oot4.pdf Graphic file (type pdf)
<use ../Examples/Cases_ModifiedVersion/Tw300_Tg1000_Methane_1m/Soot4/Methane_So
ot4.pdf>
Package pdftex.def Info: ../Examples/Cases_ModifiedVersion/Tw300_Tg1000_Methane
_1m/Soot4/Methane_Soot4.pdf  used on input line 281.
(pdftex.def)             Requested size: 398.33858pt x 298.7548pt.


LaTeX Warning: Float too large for page by 30.04962pt on input line 283.

[13] [14 <../Examples/Cases_OriginalVersion/Tw300_Tg1000_Methane_1m/Soot4/Metha
ne_Soot4.pdf> <../Examples/Cases_ModifiedVersion/Tw300_Tg1000_Methane_1m/Soot4/
Methane_Soot4.pdf

pdfTeX warning: pdflatex.exe (file ../Examples/Cases_ModifiedVersion/Tw300_Tg10
00_Methane_1m/Soot4/Methane_Soot4.pdf): PDF inclusion: multiple pdfs with page 
group included in a single page
>]
<../Examples/Cases_OriginalVersion/Tw300_Tg1000_Methane_1m/Soot6/Methane_Soot6.
pdf, id=1432, 867.24pt x 650.43pt>
File: ../Examples/Cases_OriginalVersion/Tw300_Tg1000_Methane_1m/Soot6/Methane_S
oot6.pdf Graphic file (type pdf)
<use ../Examples/Cases_OriginalVersion/Tw300_Tg1000_Methane_1m/Soot6/Methane_So
ot6.pdf>
Package pdftex.def Info: ../Examples/Cases_OriginalVersion/Tw300_Tg1000_Methane
_1m/Soot6/Methane_Soot6.pdf  used on input line 292.
(pdftex.def)             Requested size: 398.33858pt x 298.7548pt.
<../Examples/Cases_ModifiedVersion/Tw300_Tg1000_Methane_1m/Soot6/Methane_Soot6.
pdf, id=1433, 867.24pt x 650.43pt>
File: ../Examples/Cases_ModifiedVersion/Tw300_Tg1000_Methane_1m/Soot6/Methane_S
oot6.pdf Graphic file (type pdf)
<use ../Examples/Cases_ModifiedVersion/Tw300_Tg1000_Methane_1m/Soot6/Methane_So
ot6.pdf>
Package pdftex.def Info: ../Examples/Cases_ModifiedVersion/Tw300_Tg1000_Methane
_1m/Soot6/Methane_Soot6.pdf  used on input line 296.
(pdftex.def)             Requested size: 398.33858pt x 298.7548pt.


LaTeX Warning: Float too large for page by 30.04962pt on input line 298.

<../Examples/Cases_OriginalVersion/Tw300_Tg1000_Methane_1m/Soot5/Methane_Soot5.
pdf, id=1434, 867.24pt x 650.43pt>
File: ../Examples/Cases_OriginalVersion/Tw300_Tg1000_Methane_1m/Soot5/Methane_S
oot5.pdf Graphic file (type pdf)
<use ../Examples/Cases_OriginalVersion/Tw300_Tg1000_Methane_1m/Soot5/Methane_So
ot5.pdf>
Package pdftex.def Info: ../Examples/Cases_OriginalVersion/Tw300_Tg1000_Methane
_1m/Soot5/Methane_Soot5.pdf  used on input line 303.
(pdftex.def)             Requested size: 398.33858pt x 298.7548pt.
<../Examples/Cases_ModifiedVersion/Tw300_Tg1000_Methane_1m/Soot5/Methane_Soot5.
pdf, id=1435, 867.24pt x 650.43pt>
File: ../Examples/Cases_ModifiedVersion/Tw300_Tg1000_Methane_1m/Soot5/Methane_S
oot5.pdf Graphic file (type pdf)
<use ../Examples/Cases_ModifiedVersion/Tw300_Tg1000_Methane_1m/Soot5/Methane_So
ot5.pdf>
Package pdftex.def Info: ../Examples/Cases_ModifiedVersion/Tw300_Tg1000_Methane
_1m/Soot5/Methane_Soot5.pdf  used on input line 307.
(pdftex.def)             Requested size: 398.33858pt x 298.7548pt.

LaTeX Warning: Float too large for page by 30.04962pt on input line 309.

[15] [16 <../Examples/Cases_OriginalVersion/Tw300_Tg1000_Methane_1m/Soot6/Metha
ne_Soot6.pdf> <../Examples/Cases_ModifiedVersion/Tw300_Tg1000_Methane_1m/Soot6/
Methane_Soot6.pdf

pdfTeX warning: pdflatex.exe (file ../Examples/Cases_ModifiedVersion/Tw300_Tg10
00_Methane_1m/Soot6/Methane_Soot6.pdf): PDF inclusion: multiple pdfs with page 
group included in a single page
>] [17 <../Examples/Cases_OriginalVersion/Tw300_Tg1000_Methane_1m/Soot5/Methane
_Soot5.pdf> <../Examples/Cases_ModifiedVersion/Tw300_Tg1000_Methane_1m/Soot5/Me
thane_Soot5.pdf

pdfTeX warning: pdflatex.exe (file ../Examples/Cases_ModifiedVersion/Tw300_Tg10
00_Methane_1m/Soot5/Methane_Soot5.pdf): PDF inclusion: multiple pdfs with page 
group included in a single page
>] (SootModel_Modification_RadCal_HadiBordbar_May2020.bbl) [18]
Package atveryend Info: Empty hook `BeforeClearDocument' on input line 319.
Package atveryend Info: Empty hook `AfterLastShipout' on input line 319.

(SootModel_Modification_RadCal_HadiBordbar_May2020.aux)
Package atveryend Info: Executing hook `AtVeryEndDocument' on input line 319.
Package atveryend Info: Executing hook `AtEndAfterFileList' on input line 319.
Package rerunfilecheck Info: File `SootModel_Modification_RadCal_HadiBordbar_Ma
y2020.out' has not changed.
(rerunfilecheck)             Checksum: 79342B90E2F002BDD531536F8445DF2D;330.
Package atveryend Info: Empty hook `AtVeryVeryEnd' on input line 319.
 ) 
Here is how much of TeX's memory you used:
 40084 strings out of 481527
 955092 string characters out of 2921554
 1341196 words of memory out of 3000000
 54485 multiletter control sequences out of 15000+200000
 604505 words of font info for 107 fonts, out of 3000000 for 9000
 1141 hyphenation exceptions out of 8191
 78i,13n,136p,977b,824s stack positions out of 5000i,500n,10000p,200000b,50000s
{C:/PROGRAMS/MiKTeX/MiKTeX_2.9/fonts/enc/dvips/lm/lm-ec.enc}{C:/PROGRAMS/MiKT
eX/MiKTeX_2.9/fonts/enc/dvips/lm/lm-rm.enc}{C:/PROGRAMS/MiKTeX/MiKTeX_2.9/fonts
/enc/dvips/lm/lm-mathit.enc}{C:/PROGRAMS/MiKTeX/MiKTeX_2.9/fonts/enc/dvips/lm/l
m-mathsy.enc}{C:/PROGRAMS/MiKTeX/MiKTeX_2.9/fonts/enc/dvips/lm/lm-mathex.enc}<C
:/PROGRAMS/MiKTeX/MiKTeX_2.9/fonts/type1/public/lm/lmbx10.pfb><C:/PROGRAMS/MiKT
eX/MiKTeX_2.9/fonts/type1/public/lm/lmex10.pfb><C:/PROGRAMS/MiKTeX/MiKTeX_2.9/f
onts/type1/public/lm/lmmi10.pfb><C:/PROGRAMS/MiKTeX/MiKTeX_2.9/fonts/type1/publ
ic/lm/lmmi6.pfb><C:/PROGRAMS/MiKTeX/MiKTeX_2.9/fonts/type1/public/lm/lmmi7.pfb>
<C:/PROGRAMS/MiKTeX/MiKTeX_2.9/fonts/type1/public/lm/lmmi8.pfb><C:/PROGRAMS/MiK
TeX/MiKTeX_2.9/fonts/type1/public/lm/lmr10.pfb><C:/PROGRAMS/MiKTeX/MiKTeX_2.9/f
onts/type1/public/lm/lmr12.pfb><C:/PROGRAMS/MiKTeX/MiKTeX_2.9/fonts/type1/publi
c/lm/lmr6.pfb><C:/PROGRAMS/MiKTeX/MiKTeX_2.9/fonts/type1/public/lm/lmr7.pfb><C:
/PROGRAMS/MiKTeX/MiKTeX_2.9/fonts/type1/public/lm/lmr8.pfb><C:/PROGRAMS/MiKTeX/
MiKTeX_2.9/fonts/type1/public/lm/lmri10.pfb><C:/PROGRAMS/MiKTeX/MiKTeX_2.9/font
s/type1/public/lm/lmri7.pfb><C:/PROGRAMS/MiKTeX/MiKTeX_2.9/fonts/type1/public/l
m/lmri8.pfb><C:/PROGRAMS/MiKTeX/MiKTeX_2.9/fonts/type1/public/lm/lmsy10.pfb><C:
/PROGRAMS/MiKTeX/MiKTeX_2.9/fonts/type1/public/lm/lmsy6.pfb><C:/PROGRAMS/MiKTeX
/MiKTeX_2.9/fonts/type1/public/lm/lmsy7.pfb><C:/PROGRAMS/MiKTeX/MiKTeX_2.9/font
s/type1/public/lm/lmtt8.pfb>
Output written on SootModel_Modification_RadCal_HadiBordbar_May2020.pdf (18 pag
es, 929322 bytes).
PDF statistics:
 1852 PDF objects out of 2073 (max. 8388607)
 50 named destinations out of 1000 (max. 500000)
 25763 words of extra memory for PDF output out of 29859 (max. 10000000)

